2018-02-05 12:54:03,694 [main] INFO  denimgroup.threadfix.framework.engine.full.EndpointDatabaseFactory (EndpointDatabaseFactory.java:108) - Creating database with root file = /home/tyler/Desktop/JSP - library-management-system-master and framework type = JSP and path cleaner = [JSP PathCleaner dynamicRoot = , staticRoot = null]
2018-02-05 12:54:03,864 [main] INFO  denimgroup.threadfix.framework.impl.jsp.JSPEndpointGenerator (JSPEndpointGenerator.java:83) - Calculated JSP root to be: /home/tyler/Desktop/JSP - library-management-system-master/web
2018-02-05 12:54:03,872 [main] INFO  denimgroup.threadfix.framework.impl.jsp.JSPEndpointGenerator (JSPEndpointGenerator.java:94) - Found 5 JSP files.
2018-02-05 12:54:04,193 [main] INFO  denimgroup.threadfix.framework.impl.jsp.JSPEndpointGenerator (JSPEndpointGenerator.java:207) - Found 5 servlet mappings in web.xml.
2018-02-05 12:54:04,202 [main] INFO  denimgroup.threadfix.framework.impl.jsp.JSPEndpointGenerator (JSPEndpointGenerator.java:152) - Detected 0 new parameters and removed 0 misassigned parameters after HTML reference parsing
2018-02-05 12:54:04,203 [main] INFO  com.denimgroup.threadfix.framework.util.EndpointValidationStatistics (EndpointValidationStatistics.java:54) - Endpoint stats: 0/0 params are optional, 0/0 params have valid parameter types, 0/0 params have valid data types, 0/24 duplicate endpoints
2018-02-05 12:54:04,204 [main] INFO  denimgroup.threadfix.framework.engine.full.EndpointDatabaseFactory (EndpointDatabaseFactory.java:135) - Returning database with generator (com.denimgroup.threadfix.framework.impl.jsp.JSPEndpointGenerator): com.denimgroup.threadfix.framework.impl.jsp.JSPEndpointGenerator@2aa3cd93
2018-02-05 12:54:04,208 [main] INFO  denimgroup.threadfix.framework.engine.full.GeneratorBasedEndpointDatabase (GeneratorBasedEndpointDatabase.java:64) - Using generic EndpointGenerator-based translator.
2018-02-05 12:54:04,208 [main] INFO  denimgroup.threadfix.framework.engine.full.GeneratorBasedEndpointDatabase (GeneratorBasedEndpointDatabase.java:68) - Found 24 endpoints:
2018-02-05 12:54:04,208 [main] INFO  denimgroup.threadfix.framework.engine.full.GeneratorBasedEndpointDatabase (GeneratorBasedEndpointDatabase.java:75) - [0]: /CheckInBook.jsp
2018-02-05 12:54:04,208 [main] INFO  denimgroup.threadfix.framework.engine.full.GeneratorBasedEndpointDatabase (GeneratorBasedEndpointDatabase.java:75) - [1]: /CheckInBook.jsp
2018-02-05 12:54:04,208 [main] INFO  denimgroup.threadfix.framework.engine.full.GeneratorBasedEndpointDatabase (GeneratorBasedEndpointDatabase.java:75) - [2]: /BookLoan.jsp
2018-02-05 12:54:04,209 [main] INFO  denimgroup.threadfix.framework.engine.full.GeneratorBasedEndpointDatabase (GeneratorBasedEndpointDatabase.java:75) - [3]: /BookLoan.jsp
2018-02-05 12:54:04,209 [main] INFO  denimgroup.threadfix.framework.engine.full.GeneratorBasedEndpointDatabase (GeneratorBasedEndpointDatabase.java:75) - [4]: /BorrowerManagement.jsp
2018-02-05 12:54:04,209 [main] INFO  denimgroup.threadfix.framework.engine.full.GeneratorBasedEndpointDatabase (GeneratorBasedEndpointDatabase.java:75) - [5]: /BorrowerManagement.jsp
2018-02-05 12:54:04,209 [main] INFO  denimgroup.threadfix.framework.engine.full.GeneratorBasedEndpointDatabase (GeneratorBasedEndpointDatabase.java:75) - [6]: /FineTracking.jsp
2018-02-05 12:54:04,213 [main] INFO  denimgroup.threadfix.framework.engine.full.GeneratorBasedEndpointDatabase (GeneratorBasedEndpointDatabase.java:75) - [7]: /FineTracking.jsp
2018-02-05 12:54:04,213 [main] INFO  denimgroup.threadfix.framework.engine.full.GeneratorBasedEndpointDatabase (GeneratorBasedEndpointDatabase.java:75) - [8]: /SearchBook.jsp
2018-02-05 12:54:04,213 [main] INFO  denimgroup.threadfix.framework.engine.full.GeneratorBasedEndpointDatabase (GeneratorBasedEndpointDatabase.java:75) - [9]: /SearchBook.jsp
2018-02-05 12:54:04,213 [main] INFO  denimgroup.threadfix.framework.engine.full.GeneratorBasedEndpointDatabase (GeneratorBasedEndpointDatabase.java:75) - [10]: /FineRefreshController
2018-02-05 12:54:04,213 [main] INFO  denimgroup.threadfix.framework.engine.full.GeneratorBasedEndpointDatabase (GeneratorBasedEndpointDatabase.java:75) - [11]: /FineRefreshController
2018-02-05 12:54:04,222 [main] INFO  denimgroup.threadfix.framework.engine.full.GeneratorBasedEndpointDatabase (GeneratorBasedEndpointDatabase.java:75) - [12]: /FineTrackingController
2018-02-05 12:54:04,223 [main] INFO  denimgroup.threadfix.framework.engine.full.GeneratorBasedEndpointDatabase (GeneratorBasedEndpointDatabase.java:75) - [13]: /FineTrackingController
2018-02-05 12:54:04,223 [main] INFO  denimgroup.threadfix.framework.engine.full.GeneratorBasedEndpointDatabase (GeneratorBasedEndpointDatabase.java:75) - [14]: /SearchBookController
2018-02-05 12:54:04,223 [main] INFO  denimgroup.threadfix.framework.engine.full.GeneratorBasedEndpointDatabase (GeneratorBasedEndpointDatabase.java:75) - [15]: /SearchBookController
2018-02-05 12:54:04,225 [main] INFO  denimgroup.threadfix.framework.engine.full.GeneratorBasedEndpointDatabase (GeneratorBasedEndpointDatabase.java:75) - [16]: /BookLoanController
2018-02-05 12:54:04,226 [main] INFO  denimgroup.threadfix.framework.engine.full.GeneratorBasedEndpointDatabase (GeneratorBasedEndpointDatabase.java:75) - [17]: /BookLoanController
2018-02-05 12:54:04,226 [main] INFO  denimgroup.threadfix.framework.engine.full.GeneratorBasedEndpointDatabase (GeneratorBasedEndpointDatabase.java:75) - [18]: /CheckInBookController
2018-02-05 12:54:04,226 [main] INFO  denimgroup.threadfix.framework.engine.full.GeneratorBasedEndpointDatabase (GeneratorBasedEndpointDatabase.java:75) - [19]: /CheckInBookController
2018-02-05 12:54:04,228 [main] INFO  denimgroup.threadfix.framework.engine.full.GeneratorBasedEndpointDatabase (GeneratorBasedEndpointDatabase.java:75) - [20]: /NewBorrowerController
2018-02-05 12:54:04,228 [main] INFO  denimgroup.threadfix.framework.engine.full.GeneratorBasedEndpointDatabase (GeneratorBasedEndpointDatabase.java:75) - [21]: /NewBorrowerController
2018-02-05 12:54:04,228 [main] INFO  denimgroup.threadfix.framework.engine.full.GeneratorBasedEndpointDatabase (GeneratorBasedEndpointDatabase.java:75) - [22]: /FinePaymentController
2018-02-05 12:54:04,228 [main] INFO  denimgroup.threadfix.framework.engine.full.GeneratorBasedEndpointDatabase (GeneratorBasedEndpointDatabase.java:75) - [23]: /FinePaymentController
2018-02-05 12:54:04,228 [main] INFO  denimgroup.threadfix.framework.engine.full.GeneratorBasedEndpointDatabase (GeneratorBasedEndpointDatabase.java:85) - Building mappings.
2018-02-05 12:54:04,229 [main] INFO  denimgroup.threadfix.framework.engine.full.GeneratorBasedEndpointDatabase (GeneratorBasedEndpointDatabase.java:106) - Done building mappings. Static keys: 12, dynamic keys: 12
2018-02-05 13:01:06,979 [main] INFO  denimgroup.threadfix.framework.engine.full.EndpointDatabaseFactory (EndpointDatabaseFactory.java:108) - Creating database with root file = /home/tyler/Desktop/JSP - library-management-system-master and framework type = JSP and path cleaner = [JSP PathCleaner dynamicRoot = , staticRoot = null]
2018-02-05 13:01:07,156 [main] INFO  denimgroup.threadfix.framework.impl.jsp.JSPEndpointGenerator (JSPEndpointGenerator.java:83) - Calculated JSP root to be: /home/tyler/Desktop/JSP - library-management-system-master/web
2018-02-05 13:01:07,163 [main] INFO  denimgroup.threadfix.framework.impl.jsp.JSPEndpointGenerator (JSPEndpointGenerator.java:94) - Found 5 JSP files.
2018-02-05 13:01:07,443 [main] INFO  denimgroup.threadfix.framework.impl.jsp.JSPEndpointGenerator (JSPEndpointGenerator.java:207) - Found 5 servlet mappings in web.xml.
2018-02-05 13:01:07,446 [main] INFO  denimgroup.threadfix.framework.impl.jsp.JSPEndpointGenerator (JSPEndpointGenerator.java:152) - Detected 0 new parameters and removed 0 misassigned parameters after HTML reference parsing
2018-02-05 13:01:07,447 [main] INFO  com.denimgroup.threadfix.framework.util.EndpointValidationStatistics (EndpointValidationStatistics.java:54) - Endpoint stats: 0/0 params are optional, 0/0 params have valid parameter types, 0/0 params have valid data types, 0/24 duplicate endpoints
2018-02-05 13:01:07,447 [main] INFO  denimgroup.threadfix.framework.engine.full.EndpointDatabaseFactory (EndpointDatabaseFactory.java:135) - Returning database with generator (com.denimgroup.threadfix.framework.impl.jsp.JSPEndpointGenerator): com.denimgroup.threadfix.framework.impl.jsp.JSPEndpointGenerator@2aa3cd93
2018-02-05 13:01:07,448 [main] INFO  denimgroup.threadfix.framework.engine.full.GeneratorBasedEndpointDatabase (GeneratorBasedEndpointDatabase.java:64) - Using generic EndpointGenerator-based translator.
2018-02-05 13:01:07,449 [main] INFO  denimgroup.threadfix.framework.engine.full.GeneratorBasedEndpointDatabase (GeneratorBasedEndpointDatabase.java:68) - Found 24 endpoints:
2018-02-05 13:01:07,449 [main] INFO  denimgroup.threadfix.framework.engine.full.GeneratorBasedEndpointDatabase (GeneratorBasedEndpointDatabase.java:75) - [0]: /CheckInBook.jsp
2018-02-05 13:01:07,449 [main] INFO  denimgroup.threadfix.framework.engine.full.GeneratorBasedEndpointDatabase (GeneratorBasedEndpointDatabase.java:75) - [1]: /CheckInBook.jsp
2018-02-05 13:01:07,449 [main] INFO  denimgroup.threadfix.framework.engine.full.GeneratorBasedEndpointDatabase (GeneratorBasedEndpointDatabase.java:75) - [2]: /BookLoan.jsp
2018-02-05 13:01:07,449 [main] INFO  denimgroup.threadfix.framework.engine.full.GeneratorBasedEndpointDatabase (GeneratorBasedEndpointDatabase.java:75) - [3]: /BookLoan.jsp
2018-02-05 13:01:07,449 [main] INFO  denimgroup.threadfix.framework.engine.full.GeneratorBasedEndpointDatabase (GeneratorBasedEndpointDatabase.java:75) - [4]: /BorrowerManagement.jsp
2018-02-05 13:01:07,449 [main] INFO  denimgroup.threadfix.framework.engine.full.GeneratorBasedEndpointDatabase (GeneratorBasedEndpointDatabase.java:75) - [5]: /BorrowerManagement.jsp
2018-02-05 13:01:07,449 [main] INFO  denimgroup.threadfix.framework.engine.full.GeneratorBasedEndpointDatabase (GeneratorBasedEndpointDatabase.java:75) - [6]: /FineTracking.jsp
2018-02-05 13:01:07,452 [main] INFO  denimgroup.threadfix.framework.engine.full.GeneratorBasedEndpointDatabase (GeneratorBasedEndpointDatabase.java:75) - [7]: /FineTracking.jsp
2018-02-05 13:01:07,452 [main] INFO  denimgroup.threadfix.framework.engine.full.GeneratorBasedEndpointDatabase (GeneratorBasedEndpointDatabase.java:75) - [8]: /SearchBook.jsp
2018-02-05 13:01:07,453 [main] INFO  denimgroup.threadfix.framework.engine.full.GeneratorBasedEndpointDatabase (GeneratorBasedEndpointDatabase.java:75) - [9]: /SearchBook.jsp
2018-02-05 13:01:07,453 [main] INFO  denimgroup.threadfix.framework.engine.full.GeneratorBasedEndpointDatabase (GeneratorBasedEndpointDatabase.java:75) - [10]: /FineRefreshController
2018-02-05 13:01:07,453 [main] INFO  denimgroup.threadfix.framework.engine.full.GeneratorBasedEndpointDatabase (GeneratorBasedEndpointDatabase.java:75) - [11]: /FineRefreshController
2018-02-05 13:01:07,453 [main] INFO  denimgroup.threadfix.framework.engine.full.GeneratorBasedEndpointDatabase (GeneratorBasedEndpointDatabase.java:75) - [12]: /FineTrackingController
2018-02-05 13:01:07,453 [main] INFO  denimgroup.threadfix.framework.engine.full.GeneratorBasedEndpointDatabase (GeneratorBasedEndpointDatabase.java:75) - [13]: /FineTrackingController
2018-02-05 13:01:07,453 [main] INFO  denimgroup.threadfix.framework.engine.full.GeneratorBasedEndpointDatabase (GeneratorBasedEndpointDatabase.java:75) - [14]: /SearchBookController
2018-02-05 13:01:07,453 [main] INFO  denimgroup.threadfix.framework.engine.full.GeneratorBasedEndpointDatabase (GeneratorBasedEndpointDatabase.java:75) - [15]: /SearchBookController
2018-02-05 13:01:07,453 [main] INFO  denimgroup.threadfix.framework.engine.full.GeneratorBasedEndpointDatabase (GeneratorBasedEndpointDatabase.java:75) - [16]: /BookLoanController
2018-02-05 13:01:07,453 [main] INFO  denimgroup.threadfix.framework.engine.full.GeneratorBasedEndpointDatabase (GeneratorBasedEndpointDatabase.java:75) - [17]: /BookLoanController
2018-02-05 13:01:07,454 [main] INFO  denimgroup.threadfix.framework.engine.full.GeneratorBasedEndpointDatabase (GeneratorBasedEndpointDatabase.java:75) - [18]: /CheckInBookController
2018-02-05 13:01:07,454 [main] INFO  denimgroup.threadfix.framework.engine.full.GeneratorBasedEndpointDatabase (GeneratorBasedEndpointDatabase.java:75) - [19]: /CheckInBookController
2018-02-05 13:01:07,454 [main] INFO  denimgroup.threadfix.framework.engine.full.GeneratorBasedEndpointDatabase (GeneratorBasedEndpointDatabase.java:75) - [20]: /NewBorrowerController
2018-02-05 13:01:07,454 [main] INFO  denimgroup.threadfix.framework.engine.full.GeneratorBasedEndpointDatabase (GeneratorBasedEndpointDatabase.java:75) - [21]: /NewBorrowerController
2018-02-05 13:01:07,454 [main] INFO  denimgroup.threadfix.framework.engine.full.GeneratorBasedEndpointDatabase (GeneratorBasedEndpointDatabase.java:75) - [22]: /FinePaymentController
2018-02-05 13:01:07,454 [main] INFO  denimgroup.threadfix.framework.engine.full.GeneratorBasedEndpointDatabase (GeneratorBasedEndpointDatabase.java:75) - [23]: /FinePaymentController
2018-02-05 13:01:07,454 [main] INFO  denimgroup.threadfix.framework.engine.full.GeneratorBasedEndpointDatabase (GeneratorBasedEndpointDatabase.java:85) - Building mappings.
2018-02-05 13:01:07,455 [main] INFO  denimgroup.threadfix.framework.engine.full.GeneratorBasedEndpointDatabase (GeneratorBasedEndpointDatabase.java:106) - Done building mappings. Static keys: 12, dynamic keys: 12
2018-02-05 13:11:19,777 [main] INFO  denimgroup.threadfix.framework.engine.full.EndpointDatabaseFactory (EndpointDatabaseFactory.java:108) - Creating database with root file = /home/tyler/Desktop/JSP - SimpleShoppingStore-master and framework type = JSP and path cleaner = [JSP PathCleaner dynamicRoot = , staticRoot = null]
2018-02-05 13:11:19,860 [main] DEBUG denimgroup.threadfix.framework.impl.jsp.JSPWebXmlConfiguration (JSPWebXmlConfiguration.java:49) - Welcome file index.jsp is already registered, skipping
2018-02-05 13:11:19,930 [main] INFO  denimgroup.threadfix.framework.impl.jsp.JSPEndpointGenerator (JSPEndpointGenerator.java:83) - Calculated JSP root to be: /home/tyler/Desktop/JSP - SimpleShoppingStore-master/WebContent
2018-02-05 13:11:19,938 [main] INFO  denimgroup.threadfix.framework.impl.jsp.JSPEndpointGenerator (JSPEndpointGenerator.java:94) - Found 16 JSP files.
2018-02-05 13:11:20,202 [main] INFO  denimgroup.threadfix.framework.impl.jsp.JSPEndpointGenerator (JSPEndpointGenerator.java:207) - Found 8 servlet mappings in web.xml.
2018-02-05 13:11:20,210 [main] INFO  denimgroup.threadfix.framework.impl.jsp.JSPEndpointGenerator (JSPEndpointGenerator.java:152) - Detected 9 new parameters and removed 1 misassigned parameters after HTML reference parsing
2018-02-05 13:11:20,211 [main] INFO  com.denimgroup.threadfix.framework.util.EndpointValidationStatistics (EndpointValidationStatistics.java:54) - Endpoint stats: 0/38 params are optional, 14/38 params have valid parameter types, 30/38 params have valid data types, 0/49 duplicate endpoints
2018-02-05 13:11:20,212 [main] INFO  denimgroup.threadfix.framework.engine.full.EndpointDatabaseFactory (EndpointDatabaseFactory.java:135) - Returning database with generator (com.denimgroup.threadfix.framework.impl.jsp.JSPEndpointGenerator): com.denimgroup.threadfix.framework.impl.jsp.JSPEndpointGenerator@78dd667e
2018-02-05 13:11:20,213 [main] INFO  denimgroup.threadfix.framework.engine.full.GeneratorBasedEndpointDatabase (GeneratorBasedEndpointDatabase.java:64) - Using generic EndpointGenerator-based translator.
2018-02-05 13:11:20,213 [main] INFO  denimgroup.threadfix.framework.engine.full.GeneratorBasedEndpointDatabase (GeneratorBasedEndpointDatabase.java:68) - Found 49 endpoints:
2018-02-05 13:11:20,213 [main] INFO  denimgroup.threadfix.framework.engine.full.GeneratorBasedEndpointDatabase (GeneratorBasedEndpointDatabase.java:75) - [0]: /cartStore.jsp
2018-02-05 13:11:20,213 [main] INFO  denimgroup.threadfix.framework.engine.full.GeneratorBasedEndpointDatabase (GeneratorBasedEndpointDatabase.java:75) - [1]: /cartStore.jsp
2018-02-05 13:11:20,213 [main] INFO  denimgroup.threadfix.framework.engine.full.GeneratorBasedEndpointDatabase (GeneratorBasedEndpointDatabase.java:75) - [2]: /index.jsp
2018-02-05 13:11:20,213 [main] INFO  denimgroup.threadfix.framework.engine.full.GeneratorBasedEndpointDatabase (GeneratorBasedEndpointDatabase.java:75) - [3]: /index.jsp
2018-02-05 13:11:20,214 [main] INFO  denimgroup.threadfix.framework.engine.full.GeneratorBasedEndpointDatabase (GeneratorBasedEndpointDatabase.java:75) - [4]: /setDetails.jsp
2018-02-05 13:11:20,214 [main] INFO  denimgroup.threadfix.framework.engine.full.GeneratorBasedEndpointDatabase (GeneratorBasedEndpointDatabase.java:75) - [5]: /setDetails.jsp
2018-02-05 13:11:20,215 [main] INFO  denimgroup.threadfix.framework.engine.full.GeneratorBasedEndpointDatabase (GeneratorBasedEndpointDatabase.java:75) - [6]: /checkout.jsp
2018-02-05 13:11:20,215 [main] INFO  denimgroup.threadfix.framework.engine.full.GeneratorBasedEndpointDatabase (GeneratorBasedEndpointDatabase.java:75) - [7]: /checkout.jsp
2018-02-05 13:11:20,215 [main] INFO  denimgroup.threadfix.framework.engine.full.GeneratorBasedEndpointDatabase (GeneratorBasedEndpointDatabase.java:75) - [8]: /orderConfirmation.jsp
2018-02-05 13:11:20,216 [main] INFO  denimgroup.threadfix.framework.engine.full.GeneratorBasedEndpointDatabase (GeneratorBasedEndpointDatabase.java:75) - [9]: /orderConfirmation.jsp
2018-02-05 13:11:20,216 [main] INFO  denimgroup.threadfix.framework.engine.full.GeneratorBasedEndpointDatabase (GeneratorBasedEndpointDatabase.java:75) - [10]: /userLogin.jsp
2018-02-05 13:11:20,216 [main] INFO  denimgroup.threadfix.framework.engine.full.GeneratorBasedEndpointDatabase (GeneratorBasedEndpointDatabase.java:75) - [11]: /userLogin.jsp
2018-02-05 13:11:20,216 [main] INFO  denimgroup.threadfix.framework.engine.full.GeneratorBasedEndpointDatabase (GeneratorBasedEndpointDatabase.java:75) - [12]: /itemDetails.jsp
2018-02-05 13:11:20,216 [main] INFO  denimgroup.threadfix.framework.engine.full.GeneratorBasedEndpointDatabase (GeneratorBasedEndpointDatabase.java:75) - [13]: /itemDetails.jsp
2018-02-05 13:11:20,216 [main] INFO  denimgroup.threadfix.framework.engine.full.GeneratorBasedEndpointDatabase (GeneratorBasedEndpointDatabase.java:75) - [14]: /home.jsp
2018-02-05 13:11:20,216 [main] INFO  denimgroup.threadfix.framework.engine.full.GeneratorBasedEndpointDatabase (GeneratorBasedEndpointDatabase.java:75) - [15]: /home.jsp
2018-02-05 13:11:20,216 [main] INFO  denimgroup.threadfix.framework.engine.full.GeneratorBasedEndpointDatabase (GeneratorBasedEndpointDatabase.java:75) - [16]: /logout.jsp
2018-02-05 13:11:20,216 [main] INFO  denimgroup.threadfix.framework.engine.full.GeneratorBasedEndpointDatabase (GeneratorBasedEndpointDatabase.java:75) - [17]: /logout.jsp
2018-02-05 13:11:20,217 [main] INFO  denimgroup.threadfix.framework.engine.full.GeneratorBasedEndpointDatabase (GeneratorBasedEndpointDatabase.java:75) - [18]: /footer.jsp
2018-02-05 13:11:20,217 [main] INFO  denimgroup.threadfix.framework.engine.full.GeneratorBasedEndpointDatabase (GeneratorBasedEndpointDatabase.java:75) - [19]: /footer.jsp
2018-02-05 13:11:20,217 [main] INFO  denimgroup.threadfix.framework.engine.full.GeneratorBasedEndpointDatabase (GeneratorBasedEndpointDatabase.java:75) - [20]: /showcart.jsp
2018-02-05 13:11:20,217 [main] INFO  denimgroup.threadfix.framework.engine.full.GeneratorBasedEndpointDatabase (GeneratorBasedEndpointDatabase.java:75) - [21]: /showcart.jsp
2018-02-05 13:11:20,217 [main] INFO  denimgroup.threadfix.framework.engine.full.GeneratorBasedEndpointDatabase (GeneratorBasedEndpointDatabase.java:75) - [22]: /error.jsp
2018-02-05 13:11:20,217 [main] INFO  denimgroup.threadfix.framework.engine.full.GeneratorBasedEndpointDatabase (GeneratorBasedEndpointDatabase.java:75) - [23]: /error.jsp
2018-02-05 13:11:20,217 [main] INFO  denimgroup.threadfix.framework.engine.full.GeneratorBasedEndpointDatabase (GeneratorBasedEndpointDatabase.java:75) - [24]: /herosList.jsp
2018-02-05 13:11:20,217 [main] INFO  denimgroup.threadfix.framework.engine.full.GeneratorBasedEndpointDatabase (GeneratorBasedEndpointDatabase.java:75) - [25]: /herosList.jsp
2018-02-05 13:11:20,218 [main] INFO  denimgroup.threadfix.framework.engine.full.GeneratorBasedEndpointDatabase (GeneratorBasedEndpointDatabase.java:75) - [26]: /header.jsp
2018-02-05 13:11:20,220 [main] INFO  denimgroup.threadfix.framework.engine.full.GeneratorBasedEndpointDatabase (GeneratorBasedEndpointDatabase.java:75) - [27]: /header.jsp
2018-02-05 13:11:20,220 [main] INFO  denimgroup.threadfix.framework.engine.full.GeneratorBasedEndpointDatabase (GeneratorBasedEndpointDatabase.java:75) - [28]: /store.jsp
2018-02-05 13:11:20,220 [main] INFO  denimgroup.threadfix.framework.engine.full.GeneratorBasedEndpointDatabase (GeneratorBasedEndpointDatabase.java:75) - [29]: /store.jsp
2018-02-05 13:11:20,220 [main] INFO  denimgroup.threadfix.framework.engine.full.GeneratorBasedEndpointDatabase (GeneratorBasedEndpointDatabase.java:75) - [30]: /userRegister.jsp
2018-02-05 13:11:20,220 [main] INFO  denimgroup.threadfix.framework.engine.full.GeneratorBasedEndpointDatabase (GeneratorBasedEndpointDatabase.java:75) - [31]: /userRegister.jsp
2018-02-05 13:11:20,220 [main] INFO  denimgroup.threadfix.framework.engine.full.GeneratorBasedEndpointDatabase (GeneratorBasedEndpointDatabase.java:75) - [32]: /
2018-02-05 13:11:20,220 [main] INFO  denimgroup.threadfix.framework.engine.full.GeneratorBasedEndpointDatabase (GeneratorBasedEndpointDatabase.java:75) - [33]: /login
2018-02-05 13:11:20,220 [main] INFO  denimgroup.threadfix.framework.engine.full.GeneratorBasedEndpointDatabase (GeneratorBasedEndpointDatabase.java:75) - [34]: /login
2018-02-05 13:11:20,220 [main] INFO  denimgroup.threadfix.framework.engine.full.GeneratorBasedEndpointDatabase (GeneratorBasedEndpointDatabase.java:75) - [35]: /register
2018-02-05 13:11:20,220 [main] INFO  denimgroup.threadfix.framework.engine.full.GeneratorBasedEndpointDatabase (GeneratorBasedEndpointDatabase.java:75) - [36]: /register
2018-02-05 13:11:20,221 [main] INFO  denimgroup.threadfix.framework.engine.full.GeneratorBasedEndpointDatabase (GeneratorBasedEndpointDatabase.java:75) - [37]: /activate
2018-02-05 13:11:20,221 [main] INFO  denimgroup.threadfix.framework.engine.full.GeneratorBasedEndpointDatabase (GeneratorBasedEndpointDatabase.java:75) - [38]: /activate
2018-02-05 13:11:20,221 [main] INFO  denimgroup.threadfix.framework.engine.full.GeneratorBasedEndpointDatabase (GeneratorBasedEndpointDatabase.java:75) - [39]: /displayitems
2018-02-05 13:11:20,221 [main] INFO  denimgroup.threadfix.framework.engine.full.GeneratorBasedEndpointDatabase (GeneratorBasedEndpointDatabase.java:75) - [40]: /displayitems
2018-02-05 13:11:20,221 [main] INFO  denimgroup.threadfix.framework.engine.full.GeneratorBasedEndpointDatabase (GeneratorBasedEndpointDatabase.java:75) - [41]: /setDetails
2018-02-05 13:11:20,221 [main] INFO  denimgroup.threadfix.framework.engine.full.GeneratorBasedEndpointDatabase (GeneratorBasedEndpointDatabase.java:75) - [42]: /setDetails
2018-02-05 13:11:20,223 [main] INFO  denimgroup.threadfix.framework.engine.full.GeneratorBasedEndpointDatabase (GeneratorBasedEndpointDatabase.java:75) - [43]: /itemDetails
2018-02-05 13:11:20,223 [main] INFO  denimgroup.threadfix.framework.engine.full.GeneratorBasedEndpointDatabase (GeneratorBasedEndpointDatabase.java:75) - [44]: /itemDetails
2018-02-05 13:11:20,223 [main] INFO  denimgroup.threadfix.framework.engine.full.GeneratorBasedEndpointDatabase (GeneratorBasedEndpointDatabase.java:75) - [45]: /itemcatalog
2018-02-05 13:11:20,224 [main] INFO  denimgroup.threadfix.framework.engine.full.GeneratorBasedEndpointDatabase (GeneratorBasedEndpointDatabase.java:75) - [46]: /itemcatalog
2018-02-05 13:11:20,224 [main] INFO  denimgroup.threadfix.framework.engine.full.GeneratorBasedEndpointDatabase (GeneratorBasedEndpointDatabase.java:75) - [47]: /showcart
2018-02-05 13:11:20,224 [main] INFO  denimgroup.threadfix.framework.engine.full.GeneratorBasedEndpointDatabase (GeneratorBasedEndpointDatabase.java:75) - [48]: /showcart
2018-02-05 13:11:20,224 [main] INFO  denimgroup.threadfix.framework.engine.full.GeneratorBasedEndpointDatabase (GeneratorBasedEndpointDatabase.java:85) - Building mappings.
2018-02-05 13:11:20,224 [main] INFO  denimgroup.threadfix.framework.engine.full.GeneratorBasedEndpointDatabase (GeneratorBasedEndpointDatabase.java:106) - Done building mappings. Static keys: 24, dynamic keys: 25
2018-02-05 13:12:04,705 [main] INFO  denimgroup.threadfix.framework.engine.full.EndpointDatabaseFactory (EndpointDatabaseFactory.java:108) - Creating database with root file = /home/tyler/Desktop/JSP - SimpleShoppingStore-master and framework type = JSP and path cleaner = [JSP PathCleaner dynamicRoot = , staticRoot = null]
2018-02-05 13:12:04,777 [main] DEBUG denimgroup.threadfix.framework.impl.jsp.JSPWebXmlConfiguration (JSPWebXmlConfiguration.java:49) - Welcome file index.jsp is already registered, skipping
2018-02-05 13:12:04,830 [main] INFO  denimgroup.threadfix.framework.impl.jsp.JSPEndpointGenerator (JSPEndpointGenerator.java:83) - Calculated JSP root to be: /home/tyler/Desktop/JSP - SimpleShoppingStore-master/WebContent
2018-02-05 13:12:04,837 [main] INFO  denimgroup.threadfix.framework.impl.jsp.JSPEndpointGenerator (JSPEndpointGenerator.java:94) - Found 16 JSP files.
2018-02-05 13:12:05,175 [main] INFO  denimgroup.threadfix.framework.impl.jsp.JSPEndpointGenerator (JSPEndpointGenerator.java:207) - Found 8 servlet mappings in web.xml.
2018-02-05 13:12:05,212 [main] INFO  denimgroup.threadfix.framework.impl.jsp.JSPEndpointGenerator (JSPEndpointGenerator.java:152) - Detected 9 new parameters and removed 1 misassigned parameters after HTML reference parsing
2018-02-05 13:12:05,214 [main] INFO  com.denimgroup.threadfix.framework.util.EndpointValidationStatistics (EndpointValidationStatistics.java:54) - Endpoint stats: 0/38 params are optional, 14/38 params have valid parameter types, 30/38 params have valid data types, 0/49 duplicate endpoints
2018-02-05 13:12:05,214 [main] INFO  denimgroup.threadfix.framework.engine.full.EndpointDatabaseFactory (EndpointDatabaseFactory.java:135) - Returning database with generator (com.denimgroup.threadfix.framework.impl.jsp.JSPEndpointGenerator): com.denimgroup.threadfix.framework.impl.jsp.JSPEndpointGenerator@78dd667e
2018-02-05 13:12:05,215 [main] INFO  denimgroup.threadfix.framework.engine.full.GeneratorBasedEndpointDatabase (GeneratorBasedEndpointDatabase.java:64) - Using generic EndpointGenerator-based translator.
2018-02-05 13:12:05,215 [main] INFO  denimgroup.threadfix.framework.engine.full.GeneratorBasedEndpointDatabase (GeneratorBasedEndpointDatabase.java:68) - Found 49 endpoints:
2018-02-05 13:12:05,216 [main] INFO  denimgroup.threadfix.framework.engine.full.GeneratorBasedEndpointDatabase (GeneratorBasedEndpointDatabase.java:75) - [0]: /cartStore.jsp
2018-02-05 13:12:05,217 [main] INFO  denimgroup.threadfix.framework.engine.full.GeneratorBasedEndpointDatabase (GeneratorBasedEndpointDatabase.java:75) - [1]: /cartStore.jsp
2018-02-05 13:12:05,217 [main] INFO  denimgroup.threadfix.framework.engine.full.GeneratorBasedEndpointDatabase (GeneratorBasedEndpointDatabase.java:75) - [2]: /index.jsp
2018-02-05 13:12:05,217 [main] INFO  denimgroup.threadfix.framework.engine.full.GeneratorBasedEndpointDatabase (GeneratorBasedEndpointDatabase.java:75) - [3]: /index.jsp
2018-02-05 13:12:05,217 [main] INFO  denimgroup.threadfix.framework.engine.full.GeneratorBasedEndpointDatabase (GeneratorBasedEndpointDatabase.java:75) - [4]: /setDetails.jsp
2018-02-05 13:12:05,217 [main] INFO  denimgroup.threadfix.framework.engine.full.GeneratorBasedEndpointDatabase (GeneratorBasedEndpointDatabase.java:75) - [5]: /setDetails.jsp
2018-02-05 13:12:05,228 [main] INFO  denimgroup.threadfix.framework.engine.full.GeneratorBasedEndpointDatabase (GeneratorBasedEndpointDatabase.java:75) - [6]: /checkout.jsp
2018-02-05 13:12:05,228 [main] INFO  denimgroup.threadfix.framework.engine.full.GeneratorBasedEndpointDatabase (GeneratorBasedEndpointDatabase.java:75) - [7]: /checkout.jsp
2018-02-05 13:12:05,230 [main] INFO  denimgroup.threadfix.framework.engine.full.GeneratorBasedEndpointDatabase (GeneratorBasedEndpointDatabase.java:75) - [8]: /orderConfirmation.jsp
2018-02-05 13:12:05,230 [main] INFO  denimgroup.threadfix.framework.engine.full.GeneratorBasedEndpointDatabase (GeneratorBasedEndpointDatabase.java:75) - [9]: /orderConfirmation.jsp
2018-02-05 13:12:05,230 [main] INFO  denimgroup.threadfix.framework.engine.full.GeneratorBasedEndpointDatabase (GeneratorBasedEndpointDatabase.java:75) - [10]: /userLogin.jsp
2018-02-05 13:12:05,231 [main] INFO  denimgroup.threadfix.framework.engine.full.GeneratorBasedEndpointDatabase (GeneratorBasedEndpointDatabase.java:75) - [11]: /userLogin.jsp
2018-02-05 13:12:05,231 [main] INFO  denimgroup.threadfix.framework.engine.full.GeneratorBasedEndpointDatabase (GeneratorBasedEndpointDatabase.java:75) - [12]: /itemDetails.jsp
2018-02-05 13:12:05,231 [main] INFO  denimgroup.threadfix.framework.engine.full.GeneratorBasedEndpointDatabase (GeneratorBasedEndpointDatabase.java:75) - [13]: /itemDetails.jsp
2018-02-05 13:12:05,231 [main] INFO  denimgroup.threadfix.framework.engine.full.GeneratorBasedEndpointDatabase (GeneratorBasedEndpointDatabase.java:75) - [14]: /home.jsp
2018-02-05 13:12:05,231 [main] INFO  denimgroup.threadfix.framework.engine.full.GeneratorBasedEndpointDatabase (GeneratorBasedEndpointDatabase.java:75) - [15]: /home.jsp
2018-02-05 13:12:05,231 [main] INFO  denimgroup.threadfix.framework.engine.full.GeneratorBasedEndpointDatabase (GeneratorBasedEndpointDatabase.java:75) - [16]: /logout.jsp
2018-02-05 13:12:05,231 [main] INFO  denimgroup.threadfix.framework.engine.full.GeneratorBasedEndpointDatabase (GeneratorBasedEndpointDatabase.java:75) - [17]: /logout.jsp
2018-02-05 13:12:05,231 [main] INFO  denimgroup.threadfix.framework.engine.full.GeneratorBasedEndpointDatabase (GeneratorBasedEndpointDatabase.java:75) - [18]: /footer.jsp
2018-02-05 13:12:05,231 [main] INFO  denimgroup.threadfix.framework.engine.full.GeneratorBasedEndpointDatabase (GeneratorBasedEndpointDatabase.java:75) - [19]: /footer.jsp
2018-02-05 13:12:05,231 [main] INFO  denimgroup.threadfix.framework.engine.full.GeneratorBasedEndpointDatabase (GeneratorBasedEndpointDatabase.java:75) - [20]: /showcart.jsp
2018-02-05 13:12:05,231 [main] INFO  denimgroup.threadfix.framework.engine.full.GeneratorBasedEndpointDatabase (GeneratorBasedEndpointDatabase.java:75) - [21]: /showcart.jsp
2018-02-05 13:12:05,231 [main] INFO  denimgroup.threadfix.framework.engine.full.GeneratorBasedEndpointDatabase (GeneratorBasedEndpointDatabase.java:75) - [22]: /error.jsp
2018-02-05 13:12:05,232 [main] INFO  denimgroup.threadfix.framework.engine.full.GeneratorBasedEndpointDatabase (GeneratorBasedEndpointDatabase.java:75) - [23]: /error.jsp
2018-02-05 13:12:05,232 [main] INFO  denimgroup.threadfix.framework.engine.full.GeneratorBasedEndpointDatabase (GeneratorBasedEndpointDatabase.java:75) - [24]: /herosList.jsp
2018-02-05 13:12:05,232 [main] INFO  denimgroup.threadfix.framework.engine.full.GeneratorBasedEndpointDatabase (GeneratorBasedEndpointDatabase.java:75) - [25]: /herosList.jsp
2018-02-05 13:12:05,232 [main] INFO  denimgroup.threadfix.framework.engine.full.GeneratorBasedEndpointDatabase (GeneratorBasedEndpointDatabase.java:75) - [26]: /header.jsp
2018-02-05 13:12:05,232 [main] INFO  denimgroup.threadfix.framework.engine.full.GeneratorBasedEndpointDatabase (GeneratorBasedEndpointDatabase.java:75) - [27]: /header.jsp
2018-02-05 13:12:05,232 [main] INFO  denimgroup.threadfix.framework.engine.full.GeneratorBasedEndpointDatabase (GeneratorBasedEndpointDatabase.java:75) - [28]: /store.jsp
2018-02-05 13:12:05,232 [main] INFO  denimgroup.threadfix.framework.engine.full.GeneratorBasedEndpointDatabase (GeneratorBasedEndpointDatabase.java:75) - [29]: /store.jsp
2018-02-05 13:12:05,232 [main] INFO  denimgroup.threadfix.framework.engine.full.GeneratorBasedEndpointDatabase (GeneratorBasedEndpointDatabase.java:75) - [30]: /userRegister.jsp
2018-02-05 13:12:05,232 [main] INFO  denimgroup.threadfix.framework.engine.full.GeneratorBasedEndpointDatabase (GeneratorBasedEndpointDatabase.java:75) - [31]: /userRegister.jsp
2018-02-05 13:12:05,232 [main] INFO  denimgroup.threadfix.framework.engine.full.GeneratorBasedEndpointDatabase (GeneratorBasedEndpointDatabase.java:75) - [32]: /
2018-02-05 13:12:05,232 [main] INFO  denimgroup.threadfix.framework.engine.full.GeneratorBasedEndpointDatabase (GeneratorBasedEndpointDatabase.java:75) - [33]: /login
2018-02-05 13:12:05,232 [main] INFO  denimgroup.threadfix.framework.engine.full.GeneratorBasedEndpointDatabase (GeneratorBasedEndpointDatabase.java:75) - [34]: /login
2018-02-05 13:12:05,233 [main] INFO  denimgroup.threadfix.framework.engine.full.GeneratorBasedEndpointDatabase (GeneratorBasedEndpointDatabase.java:75) - [35]: /register
2018-02-05 13:12:05,233 [main] INFO  denimgroup.threadfix.framework.engine.full.GeneratorBasedEndpointDatabase (GeneratorBasedEndpointDatabase.java:75) - [36]: /register
2018-02-05 13:12:05,233 [main] INFO  denimgroup.threadfix.framework.engine.full.GeneratorBasedEndpointDatabase (GeneratorBasedEndpointDatabase.java:75) - [37]: /activate
2018-02-05 13:12:05,233 [main] INFO  denimgroup.threadfix.framework.engine.full.GeneratorBasedEndpointDatabase (GeneratorBasedEndpointDatabase.java:75) - [38]: /activate
2018-02-05 13:12:05,233 [main] INFO  denimgroup.threadfix.framework.engine.full.GeneratorBasedEndpointDatabase (GeneratorBasedEndpointDatabase.java:75) - [39]: /displayitems
2018-02-05 13:12:05,233 [main] INFO  denimgroup.threadfix.framework.engine.full.GeneratorBasedEndpointDatabase (GeneratorBasedEndpointDatabase.java:75) - [40]: /displayitems
2018-02-05 13:12:05,233 [main] INFO  denimgroup.threadfix.framework.engine.full.GeneratorBasedEndpointDatabase (GeneratorBasedEndpointDatabase.java:75) - [41]: /setDetails
2018-02-05 13:12:05,233 [main] INFO  denimgroup.threadfix.framework.engine.full.GeneratorBasedEndpointDatabase (GeneratorBasedEndpointDatabase.java:75) - [42]: /setDetails
2018-02-05 13:12:05,234 [main] INFO  denimgroup.threadfix.framework.engine.full.GeneratorBasedEndpointDatabase (GeneratorBasedEndpointDatabase.java:75) - [43]: /itemDetails
2018-02-05 13:12:05,234 [main] INFO  denimgroup.threadfix.framework.engine.full.GeneratorBasedEndpointDatabase (GeneratorBasedEndpointDatabase.java:75) - [44]: /itemDetails
2018-02-05 13:12:05,234 [main] INFO  denimgroup.threadfix.framework.engine.full.GeneratorBasedEndpointDatabase (GeneratorBasedEndpointDatabase.java:75) - [45]: /itemcatalog
2018-02-05 13:12:05,234 [main] INFO  denimgroup.threadfix.framework.engine.full.GeneratorBasedEndpointDatabase (GeneratorBasedEndpointDatabase.java:75) - [46]: /itemcatalog
2018-02-05 13:12:05,234 [main] INFO  denimgroup.threadfix.framework.engine.full.GeneratorBasedEndpointDatabase (GeneratorBasedEndpointDatabase.java:75) - [47]: /showcart
2018-02-05 13:12:05,234 [main] INFO  denimgroup.threadfix.framework.engine.full.GeneratorBasedEndpointDatabase (GeneratorBasedEndpointDatabase.java:75) - [48]: /showcart
2018-02-05 13:12:05,234 [main] INFO  denimgroup.threadfix.framework.engine.full.GeneratorBasedEndpointDatabase (GeneratorBasedEndpointDatabase.java:85) - Building mappings.
2018-02-05 13:12:05,235 [main] INFO  denimgroup.threadfix.framework.engine.full.GeneratorBasedEndpointDatabase (GeneratorBasedEndpointDatabase.java:106) - Done building mappings. Static keys: 24, dynamic keys: 25
